[debug] [2025-10-18T21:25:36.806Z] ----------------------------------------------------------------------
[debug] [2025-10-18T21:25:36.810Z] Command:       C:\Program Files\nodejs\node.exe C:\Users\esmio\AppData\Roaming\npm\node_modules\firebase-tools\lib\bin\firebase.js init
[debug] [2025-10-18T21:25:36.811Z] CLI Version:   14.20.0
[debug] [2025-10-18T21:25:36.811Z] Platform:      win32
[debug] [2025-10-18T21:25:36.812Z] Node Version:  v22.19.0
[debug] [2025-10-18T21:25:36.812Z] Time:          Sat Oct 18 2025 18:25:36 GMT-0300 (Argentina Standard Time)
[debug] [2025-10-18T21:25:36.812Z] ----------------------------------------------------------------------
[debug] 
[info] 
     ######## #### ########  ######## ########     ###     ######  ########
     ##        ##  ##     ## ##       ##     ##  ##   ##  ##       ##
     ######    ##  ########  ######   ########  #########  ######  ######
     ##        ##  ##    ##  ##       ##     ## ##     ##       ## ##
     ##       #### ##     ## ######## ########  ##     ##  ######  ########

You're about to initialize a Firebase project in this directory:

  X:\develop\NoStateNode_Site

[info] 
=== Project Setup
[info] 
[info] First, let's associate this project directory with a Firebase project.
[info] You can create multiple project aliases by running firebase use --add, 
[info] 
[debug] [2025-10-18T21:28:23.516Z] > command requires scopes: ["email","openid","https://www.googleapis.com/auth/cloudplatformprojects.readonly","https://www.googleapis.com/auth/firebase","https://www.googleapis.com/auth/cloud-platform"]
[debug] [2025-10-18T21:28:23.517Z] > authorizing via signed-in user (bonavita.carlos@gmail.com)
[debug] [2025-10-18T21:28:23.519Z] Checked if tokens are valid: true, expires at: 1760826038948
[debug] [2025-10-18T21:28:23.519Z] Checked if tokens are valid: true, expires at: 1760826038948
[debug] [2025-10-18T21:28:23.521Z] >>> [apiv2][query] GET https://firebase.googleapis.com/v1beta1/projects pageSize=100
[debug] [2025-10-18T21:28:24.444Z] <<< [apiv2][status] GET https://firebase.googleapis.com/v1beta1/projects 200
[debug] [2025-10-18T21:28:24.444Z] <<< [apiv2][body] GET https://firebase.googleapis.com/v1beta1/projects [omitted]
[info] 
=== Dataconnect Setup
[debug] [2025-10-18T21:28:29.180Z] Checked if tokens are valid: true, expires at: 1760826038948
[debug] [2025-10-18T21:28:29.180Z] Checked if tokens are valid: true, expires at: 1760826038948
[debug] [2025-10-18T21:28:29.180Z] >>> [apiv2][query] GET https://cloudbilling.googleapis.com/v1/projects/fir-login-80f6c/billingInfo [none]
[debug] [2025-10-18T21:28:30.271Z] <<< [apiv2][status] GET https://cloudbilling.googleapis.com/v1/projects/fir-login-80f6c/billingInfo 200
[debug] [2025-10-18T21:28:30.271Z] <<< [apiv2][body] GET https://cloudbilling.googleapis.com/v1/projects/fir-login-80f6c/billingInfo {"name":"projects/fir-login-80f6c/billingInfo","projectId":"fir-login-80f6c","billingAccountName":"","billingEnabled":false}
[info] i  dataconnect: ensuring required API firebasedataconnect.googleapis.com is enabled... 
[debug] [2025-10-18T21:28:30.273Z] Checked if tokens are valid: true, expires at: 1760826038948
[debug] [2025-10-18T21:28:30.273Z] Checked if tokens are valid: true, expires at: 1760826038948
[info] i  dataconnect: ensuring required API sqladmin.googleapis.com is enabled... 
[debug] [2025-10-18T21:28:30.274Z] Checked if tokens are valid: true, expires at: 1760826038948
[debug] [2025-10-18T21:28:30.274Z] Checked if tokens are valid: true, expires at: 1760826038948
[debug] [2025-10-18T21:28:30.274Z] >>> [apiv2][query] GET https://serviceusage.googleapis.com/v1/projects/fir-login-80f6c/services/firebasedataconnect.googleapis.com [none]
[debug] [2025-10-18T21:28:30.274Z] >>> [apiv2][(partial)header] GET https://serviceusage.googleapis.com/v1/projects/fir-login-80f6c/services/firebasedataconnect.googleapis.com x-goog-quota-user=projects/fir-login-80f6c
[debug] [2025-10-18T21:28:30.276Z] >>> [apiv2][query] GET https://serviceusage.googleapis.com/v1/projects/fir-login-80f6c/services/sqladmin.googleapis.com [none]
[debug] [2025-10-18T21:28:30.276Z] >>> [apiv2][(partial)header] GET https://serviceusage.googleapis.com/v1/projects/fir-login-80f6c/services/sqladmin.googleapis.com x-goog-quota-user=projects/fir-login-80f6c
[debug] [2025-10-18T21:28:31.370Z] <<< [apiv2][status] GET https://serviceusage.googleapis.com/v1/projects/fir-login-80f6c/services/firebasedataconnect.googleapis.com 200
[debug] [2025-10-18T21:28:31.370Z] <<< [apiv2][body] GET https://serviceusage.googleapis.com/v1/projects/fir-login-80f6c/services/firebasedataconnect.googleapis.com [omitted]
[warn] !  dataconnect: missing required API firebasedataconnect.googleapis.com. Enabling now... 
[debug] [2025-10-18T21:28:31.371Z] Checked if tokens are valid: true, expires at: 1760826038948
[debug] [2025-10-18T21:28:31.372Z] Checked if tokens are valid: true, expires at: 1760826038948
[debug] [2025-10-18T21:28:31.372Z] >>> [apiv2][query] POST https://serviceusage.googleapis.com/v1/projects/fir-login-80f6c/services/firebasedataconnect.googleapis.com:enable [none]
[debug] [2025-10-18T21:28:31.372Z] >>> [apiv2][(partial)header] POST https://serviceusage.googleapis.com/v1/projects/fir-login-80f6c/services/firebasedataconnect.googleapis.com:enable x-goog-quota-user=projects/fir-login-80f6c
[debug] [2025-10-18T21:28:31.376Z] <<< [apiv2][status] GET https://serviceusage.googleapis.com/v1/projects/fir-login-80f6c/services/sqladmin.googleapis.com 200
[debug] [2025-10-18T21:28:31.376Z] <<< [apiv2][body] GET https://serviceusage.googleapis.com/v1/projects/fir-login-80f6c/services/sqladmin.googleapis.com [omitted]
[warn] !  dataconnect: missing required API sqladmin.googleapis.com. Enabling now... 
[debug] [2025-10-18T21:28:31.377Z] Checked if tokens are valid: true, expires at: 1760826038948
[debug] [2025-10-18T21:28:31.377Z] Checked if tokens are valid: true, expires at: 1760826038948
[debug] [2025-10-18T21:28:31.377Z] >>> [apiv2][query] POST https://serviceusage.googleapis.com/v1/projects/fir-login-80f6c/services/sqladmin.googleapis.com:enable [none]
[debug] [2025-10-18T21:28:31.377Z] >>> [apiv2][(partial)header] POST https://serviceusage.googleapis.com/v1/projects/fir-login-80f6c/services/sqladmin.googleapis.com:enable x-goog-quota-user=projects/fir-login-80f6c
[debug] [2025-10-18T21:28:32.219Z] <<< [apiv2][status] POST https://serviceusage.googleapis.com/v1/projects/fir-login-80f6c/services/sqladmin.googleapis.com:enable 200
[debug] [2025-10-18T21:28:32.219Z] <<< [apiv2][body] POST https://serviceusage.googleapis.com/v1/projects/fir-login-80f6c/services/sqladmin.googleapis.com:enable [omitted]
[debug] [2025-10-18T21:28:32.353Z] <<< [apiv2][status] POST https://serviceusage.googleapis.com/v1/projects/fir-login-80f6c/services/firebasedataconnect.googleapis.com:enable 200
[debug] [2025-10-18T21:28:32.353Z] <<< [apiv2][body] POST https://serviceusage.googleapis.com/v1/projects/fir-login-80f6c/services/firebasedataconnect.googleapis.com:enable [omitted]
[debug] [2025-10-18T21:28:42.410Z] Checked if tokens are valid: true, expires at: 1760826038948
[debug] [2025-10-18T21:28:42.410Z] Checked if tokens are valid: true, expires at: 1760826038948
[debug] [2025-10-18T21:28:42.410Z] >>> [apiv2][query] GET https://firebasedataconnect.googleapis.com/v1/projects/fir-login-80f6c/locations/-/services [none]
[debug] [2025-10-18T21:28:43.893Z] <<< [apiv2][status] GET https://firebasedataconnect.googleapis.com/v1/projects/fir-login-80f6c/locations/-/services 200
[debug] [2025-10-18T21:28:43.893Z] <<< [apiv2][body] GET https://firebasedataconnect.googleapis.com/v1/projects/fir-login-80f6c/locations/-/services {}
[info] i  : ensuring required API cloudaicompanion.googleapis.com is enabled... 
[debug] [2025-10-18T21:28:51.204Z] Checked if tokens are valid: true, expires at: 1760826038948
[debug] [2025-10-18T21:28:51.205Z] Checked if tokens are valid: true, expires at: 1760826038948
[debug] [2025-10-18T21:28:51.205Z] >>> [apiv2][query] GET https://serviceusage.googleapis.com/v1/projects/fir-login-80f6c/services/cloudaicompanion.googleapis.com [none]
[debug] [2025-10-18T21:28:51.205Z] >>> [apiv2][(partial)header] GET https://serviceusage.googleapis.com/v1/projects/fir-login-80f6c/services/cloudaicompanion.googleapis.com x-goog-quota-user=projects/fir-login-80f6c
[debug] [2025-10-18T21:28:52.288Z] <<< [apiv2][status] GET https://serviceusage.googleapis.com/v1/projects/fir-login-80f6c/services/cloudaicompanion.googleapis.com 200
[debug] [2025-10-18T21:28:52.288Z] <<< [apiv2][body] GET https://serviceusage.googleapis.com/v1/projects/fir-login-80f6c/services/cloudaicompanion.googleapis.com [omitted]
[info] +  : required API cloudaicompanion.googleapis.com is enabled 
[debug] [2025-10-18T21:29:31.105Z] Checked if tokens are valid: true, expires at: 1760826038948
[debug] [2025-10-18T21:29:31.105Z] Checked if tokens are valid: true, expires at: 1760826038948
[debug] [2025-10-18T21:29:31.105Z] >>> [apiv2][query] GET https://firebasedataconnect.googleapis.com/v1/projects/fir-login-80f6c/locations [none]
[debug] [2025-10-18T21:29:32.225Z] <<< [apiv2][status] GET https://firebasedataconnect.googleapis.com/v1/projects/fir-login-80f6c/locations 200
[debug] [2025-10-18T21:29:32.225Z] <<< [apiv2][body] GET https://firebasedataconnect.googleapis.com/v1/projects/fir-login-80f6c/locations {"locations":[{"name":"projects/fir-login-80f6c/locations/asia-east1","locationId":"asia-east1","displayName":"Taiwan"},{"name":"projects/fir-login-80f6c/locations/asia-east2","locationId":"asia-east2","displayName":"Hong Kong"},{"name":"projects/fir-login-80f6c/locations/asia-northeast1","locationId":"asia-northeast1","displayName":"Tokyo"},{"name":"projects/fir-login-80f6c/locations/asia-northeast2","locationId":"asia-northeast2","displayName":"Osaka"},{"name":"projects/fir-login-80f6c/locations/asia-northeast3","locationId":"asia-northeast3","displayName":"Seoul"},{"name":"projects/fir-login-80f6c/locations/asia-south1","locationId":"asia-south1","displayName":"Mumbai"},{"name":"projects/fir-login-80f6c/locations/asia-southeast1","locationId":"asia-southeast1","displayName":"Singapore"},{"name":"projects/fir-login-80f6c/locations/asia-southeast2","locationId":"asia-southeast2","displayName":"Jakarta"},{"name":"projects/fir-login-80f6c/locations/australia-southeast1","locationId":"australia-southeast1","displayName":"Sydney"},{"name":"projects/fir-login-80f6c/locations/australia-southeast2","locationId":"australia-southeast2","displayName":"Melbourne"},{"name":"projects/fir-login-80f6c/locations/europe-central2","locationId":"europe-central2","displayName":"Warsaw"},{"name":"projects/fir-login-80f6c/locations/europe-north1","locationId":"europe-north1","displayName":"Finland"},{"name":"projects/fir-login-80f6c/locations/europe-southwest1","locationId":"europe-southwest1","displayName":"Madrid"},{"name":"projects/fir-login-80f6c/locations/europe-west1","locationId":"europe-west1","displayName":"Belgium"},{"name":"projects/fir-login-80f6c/locations/europe-west2","locationId":"europe-west2","displayName":"London"},{"name":"projects/fir-login-80f6c/locations/europe-west3","locationId":"europe-west3","displayName":"Frankfurt"},{"name":"projects/fir-login-80f6c/locations/europe-west4","locationId":"europe-west4","displayName":"Netherlands"},{"name":"projects/fir-login-80f6c/locations/europe-west6","locationId":"europe-west6","displayName":"Zurich"},{"name":"projects/fir-login-80f6c/locations/europe-west8","locationId":"europe-west8","displayName":"Milan"},{"name":"projects/fir-login-80f6c/locations/europe-west9","locationId":"europe-west9","displayName":"Paris"},{"name":"projects/fir-login-80f6c/locations/me-west1","locationId":"me-west1","displayName":"Tel Aviv"},{"name":"projects/fir-login-80f6c/locations/northamerica-northeast1","locationId":"northamerica-northeast1","displayName":"Montréal"},{"name":"projects/fir-login-80f6c/locations/northamerica-northeast2","locationId":"northamerica-northeast2","displayName":"Toronto"},{"name":"projects/fir-login-80f6c/locations/southamerica-east1","locationId":"southamerica-east1","displayName":"São Paulo"},{"name":"projects/fir-login-80f6c/locations/southamerica-west1","locationId":"southamerica-west1","displayName":"Santiago"},{"name":"projects/fir-login-80f6c/locations/us-central1","locationId":"us-central1","displayName":"Iowa"},{"name":"projects/fir-login-80f6c/locations/us-east1","locationId":"us-east1","displayName":"South Carolina"},{"name":"projects/fir-login-80f6c/locations/us-east4","locationId":"us-east4","displayName":"Northern Virginia"},{"name":"projects/fir-login-80f6c/locations/us-south1","locationId":"us-south1","displayName":"Dallas"},{"name":"projects/fir-login-80f6c/locations/us-west1","locationId":"us-west1","displayName":"Oregon"},{"name":"projects/fir-login-80f6c/locations/us-west2","locationId":"us-west2","displayName":"Los Angeles"},{"name":"projects/fir-login-80f6c/locations/us-west3","locationId":"us-west3","displayName":"Salt Lake City"},{"name":"projects/fir-login-80f6c/locations/us-west4","locationId":"us-west4","displayName":"Las Vegas"}]}
[info] +  dataconnect: Detected existing apps . (web) 
[debug] [2025-10-18T21:29:55.929Z] Checked if tokens are valid: true, expires at: 1760826038948
[debug] [2025-10-18T21:29:55.929Z] Checked if tokens are valid: true, expires at: 1760826038948
[debug] [2025-10-18T21:29:55.930Z] >>> [apiv2][query] POST https://firebasedataconnect.googleapis.com/v1/projects/fir-login-80f6c/locations/us-central1/services service_id=nostatenodesite
[debug] [2025-10-18T21:29:55.931Z] >>> [apiv2][body] POST https://firebasedataconnect.googleapis.com/v1/projects/fir-login-80f6c/locations/us-central1/services {"name":"projects/fir-login-80f6c/locations/us-central1/services/nostatenodesite"}
[debug] [2025-10-18T21:30:01.412Z] <<< [apiv2][status] POST https://firebasedataconnect.googleapis.com/v1/projects/fir-login-80f6c/locations/us-central1/services 200
[debug] [2025-10-18T21:30:01.412Z] <<< [apiv2][body] POST https://firebasedataconnect.googleapis.com/v1/projects/fir-login-80f6c/locations/us-central1/services {"name":"projects/fir-login-80f6c/locations/us-central1/operations/operation-1760822996704-641758d3b1c59-3358d482-4c14cca2","metadata":{"@type":"type.googleapis.com/google.firebase.dataconnect.v1.OperationMetadata","createTime":"2025-10-18T21:30:00.985943883Z","target":"projects/fir-login-80f6c/locations/us-central1/services/nostatenodesite","verb":"create","requestedCancellation":false,"apiVersion":"v1"},"done":false}
[debug] [2025-10-18T21:30:01.414Z] Checked if tokens are valid: true, expires at: 1760826038948
[debug] [2025-10-18T21:30:01.414Z] Checked if tokens are valid: true, expires at: 1760826038948
[debug] [2025-10-18T21:30:01.414Z] >>> [apiv2][query] GET https://firebasedataconnect.googleapis.com/v1/projects/fir-login-80f6c/locations/us-central1/operations/operation-1760822996704-641758d3b1c59-3358d482-4c14cca2 [none]
[debug] [2025-10-18T21:30:01.718Z] <<< [apiv2][status] GET https://firebasedataconnect.googleapis.com/v1/projects/fir-login-80f6c/locations/us-central1/operations/operation-1760822996704-641758d3b1c59-3358d482-4c14cca2 200
[debug] [2025-10-18T21:30:01.718Z] <<< [apiv2][body] GET https://firebasedataconnect.googleapis.com/v1/projects/fir-login-80f6c/locations/us-central1/operations/operation-1760822996704-641758d3b1c59-3358d482-4c14cca2 {"name":"projects/fir-login-80f6c/locations/us-central1/operations/operation-1760822996704-641758d3b1c59-3358d482-4c14cca2","metadata":{"@type":"type.googleapis.com/google.firebase.dataconnect.v1.OperationMetadata","createTime":"2025-10-18T21:30:00.985943883Z","target":"projects/fir-login-80f6c/locations/us-central1/services/nostatenodesite","verb":"create","requestedCancellation":false,"apiVersion":"v1"},"done":false}
[debug] [2025-10-18T21:30:02.221Z] [LRO Poller] Retrying task index 0
[debug] [2025-10-18T21:30:02.221Z] Checked if tokens are valid: true, expires at: 1760826038948
[debug] [2025-10-18T21:30:02.221Z] Checked if tokens are valid: true, expires at: 1760826038948
[debug] [2025-10-18T21:30:02.221Z] >>> [apiv2][query] GET https://firebasedataconnect.googleapis.com/v1/projects/fir-login-80f6c/locations/us-central1/operations/operation-1760822996704-641758d3b1c59-3358d482-4c14cca2 [none]
[debug] [2025-10-18T21:30:02.537Z] <<< [apiv2][status] GET https://firebasedataconnect.googleapis.com/v1/projects/fir-login-80f6c/locations/us-central1/operations/operation-1760822996704-641758d3b1c59-3358d482-4c14cca2 200
[debug] [2025-10-18T21:30:02.537Z] <<< [apiv2][body] GET https://firebasedataconnect.googleapis.com/v1/projects/fir-login-80f6c/locations/us-central1/operations/operation-1760822996704-641758d3b1c59-3358d482-4c14cca2 {"name":"projects/fir-login-80f6c/locations/us-central1/operations/operation-1760822996704-641758d3b1c59-3358d482-4c14cca2","metadata":{"@type":"type.googleapis.com/google.firebase.dataconnect.v1.OperationMetadata","createTime":"2025-10-18T21:30:00.985943883Z","target":"projects/fir-login-80f6c/locations/us-central1/services/nostatenodesite","verb":"create","requestedCancellation":false,"apiVersion":"v1"},"done":false}
[debug] [2025-10-18T21:30:03.550Z] [LRO Poller] Retrying task index 0
[debug] [2025-10-18T21:30:03.551Z] Checked if tokens are valid: true, expires at: 1760826038948
[debug] [2025-10-18T21:30:03.551Z] Checked if tokens are valid: true, expires at: 1760826038948
[debug] [2025-10-18T21:30:03.551Z] >>> [apiv2][query] GET https://firebasedataconnect.googleapis.com/v1/projects/fir-login-80f6c/locations/us-central1/operations/operation-1760822996704-641758d3b1c59-3358d482-4c14cca2 [none]
[debug] [2025-10-18T21:30:03.868Z] <<< [apiv2][status] GET https://firebasedataconnect.googleapis.com/v1/projects/fir-login-80f6c/locations/us-central1/operations/operation-1760822996704-641758d3b1c59-3358d482-4c14cca2 200
[debug] [2025-10-18T21:30:03.868Z] <<< [apiv2][body] GET https://firebasedataconnect.googleapis.com/v1/projects/fir-login-80f6c/locations/us-central1/operations/operation-1760822996704-641758d3b1c59-3358d482-4c14cca2 {"name":"projects/fir-login-80f6c/locations/us-central1/operations/operation-1760822996704-641758d3b1c59-3358d482-4c14cca2","metadata":{"@type":"type.googleapis.com/google.firebase.dataconnect.v1.OperationMetadata","createTime":"2025-10-18T21:30:00.985943883Z","endTime":"2025-10-18T21:30:02.233275763Z","target":"projects/fir-login-80f6c/locations/us-central1/services/nostatenodesite","verb":"create","requestedCancellation":false,"apiVersion":"v1"},"done":true,"response":{"@type":"type.googleapis.com/google.firebase.dataconnect.v1.Service","name":"projects/fir-login-80f6c/locations/us-central1/services/nostatenodesite","createTime":"2025-10-18T21:30:00.983086554Z","updateTime":"2025-10-18T21:30:00.983086554Z","uid":"066a7e24-bb0c-4b0d-81cc-7c1c04efffbe","reconciling":false,"etag":"q2qow2DOwt4tBRwgOWfwD8w6w-TuE5HTro3gY6ZZ4fM"}}
[debug] [2025-10-18T21:30:03.875Z] Checked if tokens are valid: true, expires at: 1760826038948
[debug] [2025-10-18T21:30:03.875Z] Checked if tokens are valid: true, expires at: 1760826038948
[debug] [2025-10-18T21:30:03.875Z] >>> [apiv2][query] POST https://cloudaicompanion.googleapis.com/v1beta/projects/fir-login-80f6c/locations/global/instances/default:completeTask [none]
[debug] [2025-10-18T21:30:03.875Z] >>> [apiv2][body] POST https://cloudaicompanion.googleapis.com/v1beta/projects/fir-login-80f6c/locations/global/instances/default:completeTask {"input":{"messages":[{"content":"I already have this app db configured just need to adjust t maybe in the futurree","author":"USER"}]},"experienceContext":{"experience":"/appeco/firebase/fdc-schema-generator"}}
[debug] [2025-10-18T21:30:09.297Z] <<< [apiv2][status] POST https://cloudaicompanion.googleapis.com/v1beta/projects/fir-login-80f6c/locations/global/instances/default:completeTask 200
[debug] [2025-10-18T21:30:09.297Z] <<< [apiv2][body] POST https://cloudaicompanion.googleapis.com/v1beta/projects/fir-login-80f6c/locations/global/instances/default:completeTask {"output":{"messages":[{"content":"```graphql\ntype User @table {\n  displayName: String!\n  email: String\n  photoUrl: String\n  createdAt: Timestamp!\n}\n\ntype Movie @table {\n  title: String!\n  year: Int!\n  summary: String\n  genres: [String]\n  runtime: Int\n  createdAt: Timestamp!\n}\n\ntype Watch @table {\n  user: User!\n  movie: Movie!\n  watchDate: Date!\n  location: String\n  createdAt: Timestamp!\n}\n\ntype Review @table {\n  movie: Movie!\n  user: User!\n  watch: Watch!\n  rating: Int!\n  review: String\n  createdAt: Timestamp!\n  updatedAt: Timestamp!\n}\n\ntype List @table {\n  user: User!\n  name: String!\n  description: String\n  public: Boolean!\n  createdAt: Timestamp!\n  updatedAt: Timestamp!\n}\n\ntype ListMovie @table(key: [\"list\", \"movie\"]) {\n  list: List!\n  movie: Movie!\n  position: Int!\n  note: String\n}\n```\n"}]},"displayContext":{"additionalContext":{"@type":"type.googleapis.com/google.cloud.cloudaicompanion.v1main.FirebaseChatDisplayContext","firebaseFdcDisplayContext":{"schemaSyntaxError":""}}}}
[debug] [2025-10-18T21:30:09.300Z] Checked if tokens are valid: true, expires at: 1760826038948
[debug] [2025-10-18T21:30:09.300Z] Checked if tokens are valid: true, expires at: 1760826038948
[debug] [2025-10-18T21:30:09.300Z] >>> [apiv2][query] PATCH https://firebasedataconnect.googleapis.com/v1/projects/fir-login-80f6c/locations/us-central1/services/nostatenodesite/schemas/main allowMissing=true&validateOnly=false
[debug] [2025-10-18T21:30:09.300Z] >>> [apiv2][body] PATCH https://firebasedataconnect.googleapis.com/v1/projects/fir-login-80f6c/locations/us-central1/services/nostatenodesite/schemas/main {"name":"projects/fir-login-80f6c/locations/us-central1/services/nostatenodesite/schemas/main","datasources":[{"postgresql":{}}],"source":{"files":[{"path":"schema.gql","content":"type User @table {\n  displayName: String!\n  email: String\n  photoUrl: String\n  createdAt: Timestamp!\n}\n\ntype Movie @table {\n  title: String!\n  year: Int!\n  summary: String\n  genres: [String]\n  runtime: Int\n  createdAt: Timestamp!\n}\n\ntype Watch @table {\n  user: User!\n  movie: Movie!\n  watchDate: Date!\n  location: String\n  createdAt: Timestamp!\n}\n\ntype Review @table {\n  movie: Movie!\n  user: User!\n  watch: Watch!\n  rating: Int!\n  review: String\n  createdAt: Timestamp!\n  updatedAt: Timestamp!\n}\n\ntype List @table {\n  user: User!\n  name: String!\n  description: String\n  public: Boolean!\n  createdAt: Timestamp!\n  updatedAt: Timestamp!\n}\n\ntype ListMovie @table(key: [\"list\", \"movie\"]) {\n  list: List!\n  movie: Movie!\n  position: Int!\n  note: String\n}"}]}}
[debug] [2025-10-18T21:30:10.628Z] <<< [apiv2][status] PATCH https://firebasedataconnect.googleapis.com/v1/projects/fir-login-80f6c/locations/us-central1/services/nostatenodesite/schemas/main 200
[debug] [2025-10-18T21:30:10.628Z] <<< [apiv2][body] PATCH https://firebasedataconnect.googleapis.com/v1/projects/fir-login-80f6c/locations/us-central1/services/nostatenodesite/schemas/main {"name":"projects/fir-login-80f6c/locations/us-central1/operations/operation-1760823010060-641758e06e76f-06976744-035dc477","metadata":{"@type":"type.googleapis.com/google.firebase.dataconnect.v1.OperationMetadata","createTime":"2025-10-18T21:30:10.132914303Z","target":"projects/fir-login-80f6c/locations/us-central1/services/nostatenodesite/schemas/main","verb":"update","requestedCancellation":false,"apiVersion":"v1"},"done":false}
[debug] [2025-10-18T21:30:10.629Z] Checked if tokens are valid: true, expires at: 1760826038948
[debug] [2025-10-18T21:30:10.629Z] Checked if tokens are valid: true, expires at: 1760826038948
[debug] [2025-10-18T21:30:10.629Z] >>> [apiv2][query] GET https://firebasedataconnect.googleapis.com/v1/projects/fir-login-80f6c/locations/us-central1/operations/operation-1760823010060-641758e06e76f-06976744-035dc477 [none]
[debug] [2025-10-18T21:30:10.932Z] <<< [apiv2][status] GET https://firebasedataconnect.googleapis.com/v1/projects/fir-login-80f6c/locations/us-central1/operations/operation-1760823010060-641758e06e76f-06976744-035dc477 200
[debug] [2025-10-18T21:30:10.933Z] <<< [apiv2][body] GET https://firebasedataconnect.googleapis.com/v1/projects/fir-login-80f6c/locations/us-central1/operations/operation-1760823010060-641758e06e76f-06976744-035dc477 {"name":"projects/fir-login-80f6c/locations/us-central1/operations/operation-1760823010060-641758e06e76f-06976744-035dc477","metadata":{"@type":"type.googleapis.com/google.firebase.dataconnect.v1.OperationMetadata","createTime":"2025-10-18T21:30:10.132914303Z","endTime":"2025-10-18T21:30:10.357921985Z","target":"projects/fir-login-80f6c/locations/us-central1/services/nostatenodesite/schemas/main","verb":"update","requestedCancellation":false,"apiVersion":"v1"},"done":true,"response":{"@type":"type.googleapis.com/google.firebase.dataconnect.v1.Schema","name":"projects/fir-login-80f6c/locations/us-central1/services/nostatenodesite/schemas/main","createTime":"2025-10-18T21:30:10.128894954Z","updateTime":"2025-10-18T21:30:10.128894954Z","uid":"bce92228-1729-4e1f-aaaa-dac705bcee0d","reconciling":false,"etag":"LYcVLq-c1VbVMm0HHhejU0VbkY95n5MDsKoTvrkEzU0"}}
[debug] [2025-10-18T21:30:10.935Z] Checked if tokens are valid: true, expires at: 1760826038948
[debug] [2025-10-18T21:30:10.935Z] Checked if tokens are valid: true, expires at: 1760826038948
[debug] [2025-10-18T21:30:10.935Z] Checked if tokens are valid: true, expires at: 1760826038948
[debug] [2025-10-18T21:30:10.935Z] Checked if tokens are valid: true, expires at: 1760826038948
[debug] [2025-10-18T21:30:10.935Z] >>> [apiv2][query] POST https://cloudaicompanion.googleapis.com/v1beta/projects/fir-login-80f6c/locations/global/instances/default:completeTask [none]
[debug] [2025-10-18T21:30:10.935Z] >>> [apiv2][body] POST https://cloudaicompanion.googleapis.com/v1beta/projects/fir-login-80f6c/locations/global/instances/default:completeTask {"input":{"messages":[{"content":"Create 4 operations for an app using the instance schema with proper authentication.","author":"USER"}]},"experienceContext":{"experience":"/appeco/firebase/fdc-query-generator"},"clientContext":{"additionalContext":{"@type":"type.googleapis.com/google.cloud.cloudaicompanion.v1main.FirebaseChatRequestContext","fdcInfo":{"fdcServiceName":"projects/fir-login-80f6c/locations/us-central1/services/nostatenodesite","requiresQuery":true}}}}
[debug] [2025-10-18T21:30:10.936Z] >>> [apiv2][query] POST https://cloudaicompanion.googleapis.com/v1beta/projects/fir-login-80f6c/locations/global/instances/default:completeTask [none]
[debug] [2025-10-18T21:30:10.936Z] >>> [apiv2][body] POST https://cloudaicompanion.googleapis.com/v1beta/projects/fir-login-80f6c/locations/global/instances/default:completeTask {"input":{"messages":[{"content":"Create a mutation to populate the database with some seed data.","author":"USER"}]},"experienceContext":{"experience":"/appeco/firebase/fdc-query-generator"},"clientContext":{"additionalContext":{"@type":"type.googleapis.com/google.cloud.cloudaicompanion.v1main.FirebaseChatRequestContext","fdcInfo":{"fdcServiceName":"projects/fir-login-80f6c/locations/us-central1/services/nostatenodesite","requiresQuery":true}}}}
[debug] [2025-10-18T21:30:14.061Z] <<< [apiv2][status] POST https://cloudaicompanion.googleapis.com/v1beta/projects/fir-login-80f6c/locations/global/instances/default:completeTask 200
[debug] [2025-10-18T21:30:14.061Z] <<< [apiv2][body] POST https://cloudaicompanion.googleapis.com/v1beta/projects/fir-login-80f6c/locations/global/instances/default:completeTask {"output":{"messages":[{"content":"```graphql\nmutation CreateList($name: String!, $public: Boolean!, $description: String) @auth(level: USER) {\n  list_insert(data: {\n    name: $name,\n    public: $public,\n    description: $description,\n    createdAt_expr: \"request.time\",\n    updatedAt_expr: \"request.time\",\n    userId_expr: \"auth.uid\"\n  })\n}\n\nquery GetPublicLists @auth(level: PUBLIC, insecureReason: \"This operation is safe to expose to the public\") {\n  lists(where: {public: {eq: true}}) {\n    id\n    name\n    description\n    createdAt\n    updatedAt\n  }\n}\n\nmutation AddMovieToList($listId: UUID!, $movieId: UUID!, $note: String, $position: Int!) @auth(level: USER) {\n  listMovie_insert(data: {\n    listId: $listId,\n    movieId: $movieId,\n    note: $note,\n    position: $position\n  })\n}\n\nquery GetMoviesInList($listId: UUID!) @auth(level: USER) {\n  list(id: $listId) {\n    movies_via_ListMovie {\n      id\n      title\n      year\n      summary\n      runtime\n      genres\n    }\n  }\n}\n```","author":"model"}]},"outputDataContext":{"additionalContext":{"@type":"type.googleapis.com/google.cloud.cloudaicompanion.v1main.ChatOutputDataContext","relatedContent":{}}},"attributionContext":{"citationMetadata":{}}}
[debug] [2025-10-18T21:30:19.638Z] <<< [apiv2][status] POST https://cloudaicompanion.googleapis.com/v1beta/projects/fir-login-80f6c/locations/global/instances/default:completeTask 200
[debug] [2025-10-18T21:30:19.639Z] <<< [apiv2][body] POST https://cloudaicompanion.googleapis.com/v1beta/projects/fir-login-80f6c/locations/global/instances/default:completeTask {"output":{"messages":[{"content":"```graphql\nmutation SeedData @transaction @auth(level: PUBLIC, insecureReason: \"This operation is only used to seed the database with example data\") {\n  user_insertMany(data: [\n    {\n      id: \"550e8400-e29b-41d4-a716-446655440000\",\n      displayName: \"demouser1\",\n      createdAt: \"2024-01-01T00:00:00Z\"\n    },\n    {\n      id: \"550e8400-e29b-41d4-a716-446655440001\",\n      displayName: \"demouser2\",\n      createdAt: \"2024-01-02T00:00:00Z\"\n    }\n  ])\n  movie_insertMany(data: [\n    {\n      id: \"550e8400-e29b-41d4-a716-446655440002\",\n      title: \"Inception\",\n      year: 2010,\n      createdAt: \"2024-01-03T00:00:00Z\"\n    },\n    {\n      id: \"550e8400-e29b-41d4-a716-446655440003\",\n      title: \"The Matrix\",\n      year: 1999,\n      createdAt: \"2024-01-04T00:00:00Z\"\n    }\n  ])\n  watch_insertMany(data: [\n    {\n      id: \"550e8400-e29b-41d4-a716-446655440004\",\n      movieId: \"550e8400-e29b-41d4-a716-446655440002\",\n      userId: \"550e8400-e29b-41d4-a716-446655440000\",\n      watchDate: \"2024-01-05\",\n      createdAt: \"2024-01-05T00:00:00Z\"\n    },\n    {\n      id: \"550e8400-e29b-41d4-a716-446655440005\",\n      movieId: \"550e8400-e29b-41d4-a716-446655440003\",\n      userId: \"550e8400-e29b-41d4-a716-446655440001\",\n      watchDate: \"2024-01-06\",\n      createdAt: \"2024-01-06T00:00:00Z\"\n    }\n  ])\n  list_insertMany(data: [\n    {\n      id: \"550e8400-e29b-41d4-a716-446655440006\",\n      userId: \"550e8400-e29b-41d4-a716-446655440000\",\n      name: \"My Favorite Movies\",\n      public: true,\n      createdAt: \"2024-01-07T00:00:00Z\",\n      updatedAt: \"2024-01-07T00:00:00Z\"\n    },\n    {\n      id: \"550e8400-e29b-41d4-a716-446655440007\",\n      userId: \"550e8400-e29b-41d4-a716-446655440001\",\n      name: \"Movies to Watch\",\n      public: false,\n      createdAt: \"2024-01-08T00:00:00Z\",\n      updatedAt: \"2024-01-08T00:00:00Z\"\n    }\n  ])\n  listMovie_insertMany(data: [\n    {\n      listId: \"550e8400-e29b-41d4-a716-446655440006\",\n      movieId: \"550e8400-e29b-41d4-a716-446655440002\",\n      position: 1\n    },\n    {\n      listId: \"550e8400-e29b-41d4-a716-446655440007\",\n      movieId: \"550e8400-e29b-41d4-a716-446655440003\",\n      position: 2\n    }\n  ])\n  review_insertMany(data: [\n    {\n      id: \"550e8400-e29b-41d4-a716-446655440008\",\n      movieId: \"550e8400-e29b-41d4-a716-446655440002\",\n      userId: \"550e8400-e29b-41d4-a716-446655440000\",\n      watchId: \"550e8400-e29b-41d4-a716-446655440004\",\n      rating: 5,\n      createdAt: \"2024-01-09T00:00:00Z\",\n      updatedAt: \"2024-01-09T00:00:00Z\"\n    },\n    {\n      id: \"550e8400-e29b-41d4-a716-446655440009\",\n      movieId: \"550e8400-e29b-41d4-a716-446655440003\",\n      userId: \"550e8400-e29b-41d4-a716-446655440001\",\n      watchId: \"550e8400-e29b-41d4-a716-446655440005\",\n      rating: 4,\n      createdAt: \"2024-01-10T00:00:00Z\",\n      updatedAt: \"2024-01-10T00:00:00Z\"\n    }\n  ])\n}\n```\n","author":"model"}]},"outputDataContext":{"additionalContext":{"@type":"type.googleapis.com/google.cloud.cloudaicompanion.v1main.ChatOutputDataContext","relatedContent":{}}},"attributionContext":{"citationMetadata":{}}}
[info] +  Wrote dataconnect\dataconnect.yaml 
[info] +  Wrote dataconnect\seed_data.gql 
[info] +  Wrote dataconnect\schema\schema.gql 
[info] +  Wrote dataconnect\example\connector.yaml 
[info] +  Wrote dataconnect\example\queries.gql 
[info] +  Wrote dataconnect\example\connector.yaml 
[info] i  dataconnect: Installing the generated SDKs ... 
[info] i  dataconnect: downloading dataconnect-emulator-2.15.0.exe... {"metadata":{"emulator":{"name":"dataconnect"},"message":"downloading dataconnect-emulator-2.15.0.exe..."}}
[debug] [2025-10-18T21:30:19.700Z] >>> [apiv2][query] GET https://storage.googleapis.com/firemat-preview-drop/emulator/dataconnect-emulator-windows-v2.15.0 
[debug] [2025-10-18T21:30:20.148Z] <<< [apiv2][status] GET https://storage.googleapis.com/firemat-preview-drop/emulator/dataconnect-emulator-windows-v2.15.0 200
[debug] [2025-10-18T21:30:20.148Z] <<< [apiv2][body] GET https://storage.googleapis.com/firemat-preview-drop/emulator/dataconnect-emulator-windows-v2.15.0 [stream]
[debug] [2025-10-18T21:30:24.083Z] defaultcredentials: writing to file C:\Users\esmio\AppData\Roaming\firebase\bonavita_carlos_gmail.com_application_default_credentials.json
[info] +  dataconnect: Installed generated SDKs for . (web) 
[info] i  Visit https://firebase.google.com/docs/data-connect/web-sdk#react for more information on how to set up React Generated SDKs for Firebase Data Connect 
[info] 
=== Firestore Setup
[info] i  firestore: ensuring required API firestore.googleapis.com is enabled... 
[debug] [2025-10-18T21:30:46.991Z] Checked if tokens are valid: true, expires at: 1760826038948
[debug] [2025-10-18T21:30:46.992Z] Checked if tokens are valid: true, expires at: 1760826038948
[debug] [2025-10-18T21:30:46.992Z] >>> [apiv2][query] GET https://serviceusage.googleapis.com/v1/projects/fir-login-80f6c/services/firestore.googleapis.com [none]
[debug] [2025-10-18T21:30:46.992Z] >>> [apiv2][(partial)header] GET https://serviceusage.googleapis.com/v1/projects/fir-login-80f6c/services/firestore.googleapis.com x-goog-quota-user=projects/fir-login-80f6c
[debug] [2025-10-18T21:30:48.136Z] <<< [apiv2][status] GET https://serviceusage.googleapis.com/v1/projects/fir-login-80f6c/services/firestore.googleapis.com 200
[debug] [2025-10-18T21:30:48.136Z] <<< [apiv2][body] GET https://serviceusage.googleapis.com/v1/projects/fir-login-80f6c/services/firestore.googleapis.com [omitted]
[info] +  firestore: required API firestore.googleapis.com is enabled 
[debug] [2025-10-18T21:30:48.156Z] Checked if tokens are valid: true, expires at: 1760826038948
[debug] [2025-10-18T21:30:48.156Z] Checked if tokens are valid: true, expires at: 1760826038948
[debug] [2025-10-18T21:30:48.156Z] >>> [apiv2][query] GET https://firestore.googleapis.com/v1/projects/fir-login-80f6c/databases [none]
[debug] [2025-10-18T21:30:49.076Z] <<< [apiv2][status] GET https://firestore.googleapis.com/v1/projects/fir-login-80f6c/databases 200
[debug] [2025-10-18T21:30:49.076Z] <<< [apiv2][body] GET https://firestore.googleapis.com/v1/projects/fir-login-80f6c/databases {"databases":[{"name":"projects/fir-login-80f6c/databases/(default)","uid":"daf70c26-e80f-4353-92be-f08374d34ab9","createTime":"2023-04-21T02:26:21.547470Z","updateTime":"2023-04-21T02:26:21.547470Z","locationId":"nam5","type":"FIRESTORE_NATIVE","concurrencyMode":"PESSIMISTIC","versionRetentionPeriod":"3600s","earliestVersionTime":"2025-10-18T20:30:48.744457Z","appEngineIntegrationMode":"DISABLED","keyPrefix":"s","pointInTimeRecoveryEnablement":"POINT_IN_TIME_RECOVERY_DISABLED","deleteProtectionState":"DELETE_PROTECTION_DISABLED","databaseEdition":"STANDARD","freeTier":true,"realtimeUpdatesMode":"REALTIME_UPDATES_MODE_ENABLED","etag":"IKC1yILZrpADML7AzPykhpAD"}]}
[info] 
[info] Firestore Security Rules allow you to define how and when to allow
[info] requests. You can keep these rules in your project directory
[info] and publish them with firebase deploy.
[info] 
[debug] [2025-10-18T21:30:49.093Z] Checked if tokens are valid: true, expires at: 1760826038948
[debug] [2025-10-18T21:30:49.093Z] Checked if tokens are valid: true, expires at: 1760826038948
[debug] [2025-10-18T21:30:49.094Z] >>> [apiv2][query] GET https://firebaserules.googleapis.com/v1/projects/fir-login-80f6c/releases pageSize=10&pageToken=
[debug] [2025-10-18T21:30:50.192Z] <<< [apiv2][status] GET https://firebaserules.googleapis.com/v1/projects/fir-login-80f6c/releases 200
[debug] [2025-10-18T21:30:50.192Z] <<< [apiv2][body] GET https://firebaserules.googleapis.com/v1/projects/fir-login-80f6c/releases {"releases":[{"name":"projects/fir-login-80f6c/releases/cloud.firestore","rulesetName":"projects/fir-login-80f6c/rulesets/0bc549d1-2ceb-4df3-a04d-19fefafae12a","createTime":"2023-04-21T02:26:25.574713Z","updateTime":"2025-01-28T01:42:07.001508Z"}]}
[debug] [2025-10-18T21:30:50.193Z] Checked if tokens are valid: true, expires at: 1760826038948
[debug] [2025-10-18T21:30:50.193Z] Checked if tokens are valid: true, expires at: 1760826038948
[debug] [2025-10-18T21:30:50.193Z] >>> [apiv2][query] GET https://firebaserules.googleapis.com/v1/projects/fir-login-80f6c/rulesets/0bc549d1-2ceb-4df3-a04d-19fefafae12a [none]
[debug] [2025-10-18T21:30:50.433Z] <<< [apiv2][status] GET https://firebaserules.googleapis.com/v1/projects/fir-login-80f6c/rulesets/0bc549d1-2ceb-4df3-a04d-19fefafae12a 200
[debug] [2025-10-18T21:30:50.433Z] <<< [apiv2][body] GET https://firebaserules.googleapis.com/v1/projects/fir-login-80f6c/rulesets/0bc549d1-2ceb-4df3-a04d-19fefafae12a [omitted]
[info] i  Downloaded the existing Firestore Security Rules from the Firebase console 
[info] 
[info] Firestore indexes allow you to perform complex queries while
[info] maintaining performance that scales with the size of the result
[info] set. You can keep index definitions in your project directory
[info] and publish them with firebase deploy.
[info] 
[debug] [2025-10-18T21:31:28.050Z] Checked if tokens are valid: true, expires at: 1760826038948
[debug] [2025-10-18T21:31:28.051Z] Checked if tokens are valid: true, expires at: 1760826038948
[debug] [2025-10-18T21:31:28.051Z] Checked if tokens are valid: true, expires at: 1760826038948
[debug] [2025-10-18T21:31:28.052Z] Checked if tokens are valid: true, expires at: 1760826038948
[debug] [2025-10-18T21:31:28.052Z] >>> [apiv2][query] GET https://firestore.googleapis.com/v1/projects/fir-login-80f6c/databases/(default)/collectionGroups/-/indexes [none]
[debug] [2025-10-18T21:31:28.058Z] >>> [apiv2][query] GET https://firestore.googleapis.com/v1/projects/fir-login-80f6c/databases/(default)/collectionGroups/-/fields?filter=indexConfig.usesAncestorConfig=false OR ttlConfig:* [none]
[debug] [2025-10-18T21:31:29.171Z] <<< [apiv2][status] GET https://firestore.googleapis.com/v1/projects/fir-login-80f6c/databases/(default)/collectionGroups/-/indexes 200
[debug] [2025-10-18T21:31:29.171Z] <<< [apiv2][body] GET https://firestore.googleapis.com/v1/projects/fir-login-80f6c/databases/(default)/collectionGroups/-/indexes {"indexes":[{"name":"projects/fir-login-80f6c/databases/(default)/collectionGroups/notes/indexes/CICAgOjXh4EK","queryScope":"COLLECTION","fields":[{"fieldPath":"userId","order":"ASCENDING"},{"fieldPath":"createdAt","order":"DESCENDING"},{"fieldPath":"__name__","order":"DESCENDING"}],"state":"READY","density":"SPARSE_ALL"},{"name":"projects/fir-login-80f6c/databases/(default)/collectionGroups/notes/indexes/CICAgJiUpoMK","queryScope":"COLLECTION","fields":[{"fieldPath":"shareWith","arrayConfig":"CONTAINS"},{"fieldPath":"createdAt","order":"DESCENDING"},{"fieldPath":"__name__","order":"DESCENDING"}],"state":"READY","density":"SPARSE_ALL"}]}
[debug] [2025-10-18T21:31:29.172Z] <<< [apiv2][status] GET https://firestore.googleapis.com/v1/projects/fir-login-80f6c/databases/(default)/collectionGroups/-/fields?filter=indexConfig.usesAncestorConfig=false OR ttlConfig:* 200
[debug] [2025-10-18T21:31:29.172Z] <<< [apiv2][body] GET https://firestore.googleapis.com/v1/projects/fir-login-80f6c/databases/(default)/collectionGroups/-/fields?filter=indexConfig.usesAncestorConfig=false OR ttlConfig:* {"fields":[{"name":"projects/fir-login-80f6c/databases/(default)/collectionGroups/__default__/fields/*","indexConfig":{"indexes":[{"queryScope":"COLLECTION","fields":[{"fieldPath":"*","order":"ASCENDING"}],"state":"READY"},{"queryScope":"COLLECTION","fields":[{"fieldPath":"*","order":"DESCENDING"}],"state":"READY"},{"queryScope":"COLLECTION","fields":[{"fieldPath":"*","arrayConfig":"CONTAINS"}],"state":"READY"}]}}]}
[info] i  Downloaded the existing Firestore indexes from the Firebase console 
[info] +  Wrote firestore.rules 
[info] +  Wrote firestore.indexes.json 
[info] 
=== Genkit Setup
[debug] [2025-10-18T21:32:14.945Z] > command requires scopes: ["email","openid","https://www.googleapis.com/auth/cloudplatformprojects.readonly","https://www.googleapis.com/auth/firebase","https://www.googleapis.com/auth/cloud-platform"]
[debug] [2025-10-18T21:32:14.945Z] > authorizing via signed-in user (bonavita.carlos@gmail.com)
[debug] [2025-10-18T21:32:14.945Z] [iam] checking project fir-login-80f6c for permissions ["firebase.projects.get"]
[debug] [2025-10-18T21:32:14.946Z] Checked if tokens are valid: true, expires at: 1760826038948
[debug] [2025-10-18T21:32:14.946Z] Checked if tokens are valid: true, expires at: 1760826038948
[debug] [2025-10-18T21:32:14.947Z] >>> [apiv2][query] POST https://cloudresourcemanager.googleapis.com/v1/projects/fir-login-80f6c:testIamPermissions [none]
[debug] [2025-10-18T21:32:14.947Z] >>> [apiv2][(partial)header] POST https://cloudresourcemanager.googleapis.com/v1/projects/fir-login-80f6c:testIamPermissions x-goog-quota-user=projects/fir-login-80f6c
[debug] [2025-10-18T21:32:14.947Z] >>> [apiv2][body] POST https://cloudresourcemanager.googleapis.com/v1/projects/fir-login-80f6c:testIamPermissions {"permissions":["firebase.projects.get"]}
[debug] [2025-10-18T21:32:16.068Z] <<< [apiv2][status] POST https://cloudresourcemanager.googleapis.com/v1/projects/fir-login-80f6c:testIamPermissions 200
[debug] [2025-10-18T21:32:16.068Z] <<< [apiv2][body] POST https://cloudresourcemanager.googleapis.com/v1/projects/fir-login-80f6c:testIamPermissions {"permissions":["firebase.projects.get"]}
[debug] [2025-10-18T21:32:16.069Z] Checked if tokens are valid: true, expires at: 1760826038948
[debug] [2025-10-18T21:32:16.069Z] Checked if tokens are valid: true, expires at: 1760826038948
[debug] [2025-10-18T21:32:16.070Z] Checked if tokens are valid: true, expires at: 1760826038948
[debug] [2025-10-18T21:32:16.070Z] Checked if tokens are valid: true, expires at: 1760826038948
[debug] [2025-10-18T21:32:16.070Z] >>> [apiv2][query] GET https://serviceusage.googleapis.com/v1/projects/fir-login-80f6c/services/cloudfunctions.googleapis.com [none]
[debug] [2025-10-18T21:32:16.070Z] >>> [apiv2][(partial)header] GET https://serviceusage.googleapis.com/v1/projects/fir-login-80f6c/services/cloudfunctions.googleapis.com x-goog-quota-user=projects/fir-login-80f6c
[debug] [2025-10-18T21:32:16.073Z] >>> [apiv2][query] GET https://serviceusage.googleapis.com/v1/projects/fir-login-80f6c/services/runtimeconfig.googleapis.com [none]
[debug] [2025-10-18T21:32:16.073Z] >>> [apiv2][(partial)header] GET https://serviceusage.googleapis.com/v1/projects/fir-login-80f6c/services/runtimeconfig.googleapis.com x-goog-quota-user=projects/fir-login-80f6c
[debug] [2025-10-18T21:32:17.120Z] <<< [apiv2][status] GET https://serviceusage.googleapis.com/v1/projects/fir-login-80f6c/services/runtimeconfig.googleapis.com 200
[debug] [2025-10-18T21:32:17.121Z] <<< [apiv2][body] GET https://serviceusage.googleapis.com/v1/projects/fir-login-80f6c/services/runtimeconfig.googleapis.com [omitted]
[debug] [2025-10-18T21:32:17.146Z] <<< [apiv2][status] GET https://serviceusage.googleapis.com/v1/projects/fir-login-80f6c/services/cloudfunctions.googleapis.com 200
[debug] [2025-10-18T21:32:17.146Z] <<< [apiv2][body] GET https://serviceusage.googleapis.com/v1/projects/fir-login-80f6c/services/cloudfunctions.googleapis.com [omitted]
[debug] [2025-10-18T21:32:17.147Z] Checked if tokens are valid: true, expires at: 1760826038948
[debug] [2025-10-18T21:32:17.147Z] Checked if tokens are valid: true, expires at: 1760826038948
[debug] [2025-10-18T21:32:17.147Z] >>> [apiv2][query] POST https://serviceusage.googleapis.com/v1/projects/fir-login-80f6c/services/cloudfunctions.googleapis.com:enable [none]
[debug] [2025-10-18T21:32:17.147Z] >>> [apiv2][(partial)header] POST https://serviceusage.googleapis.com/v1/projects/fir-login-80f6c/services/cloudfunctions.googleapis.com:enable x-goog-quota-user=projects/fir-login-80f6c
[debug] [2025-10-18T21:32:18.627Z] <<< [apiv2][status] POST https://serviceusage.googleapis.com/v1/projects/fir-login-80f6c/services/cloudfunctions.googleapis.com:enable 200
[debug] [2025-10-18T21:32:18.627Z] <<< [apiv2][body] POST https://serviceusage.googleapis.com/v1/projects/fir-login-80f6c/services/cloudfunctions.googleapis.com:enable [omitted]
[info] Let's create a new codebase for your functions.
[info] A directory corresponding to the codebase will be created in your project
[info] with sample code pre-configured.

[info] See https://firebase.google.com/docs/functions/organize-functions for
[info] more information on organizing your functions using codebases.

[info] Functions can be deployed with firebase deploy.

[info] +  Wrote functions/package.json 
[info] +  Wrote functions/.eslintrc.js 
[info] +  Wrote functions/tsconfig.dev.json 
[info] +  Wrote functions/tsconfig.json 
[info] +  Wrote functions/src/index.ts 
[info] +  Wrote functions/.gitignore 
[info] 
[info] i  genkit: Installing Genkit CLI version 1.21.0
 
[info] i  genkit: Installing NPM packages for genkit 
[info] +  genkit: Successfully installed NPM packages 
[info] i  genkit: Updating tsconfig.json 
[warn] !  genkit: Skipped updating tsconfig.json 
[info] i  genkit: Updating package.json 
[warn] !  genkit: Skipped updating package.json 
[info] 
[info] 
Login to Google Cloud using:
[info]     gcloud auth application-default login --project fir-login-80f6c

[info] Then start the Genkit developer experience by running:
[info]     cd functions && npm run genkit:start
[info] 
=== Functions Setup
[debug] [2025-10-18T21:37:52.496Z] > command requires scopes: ["email","openid","https://www.googleapis.com/auth/cloudplatformprojects.readonly","https://www.googleapis.com/auth/firebase","https://www.googleapis.com/auth/cloud-platform"]
[debug] [2025-10-18T21:37:52.496Z] > authorizing via signed-in user (bonavita.carlos@gmail.com)
[debug] [2025-10-18T21:37:52.497Z] [iam] checking project fir-login-80f6c for permissions ["firebase.projects.get"]
[debug] [2025-10-18T21:37:52.497Z] Checked if tokens are valid: true, expires at: 1760826038948
[debug] [2025-10-18T21:37:52.497Z] Checked if tokens are valid: true, expires at: 1760826038948
[debug] [2025-10-18T21:37:52.498Z] >>> [apiv2][query] POST https://cloudresourcemanager.googleapis.com/v1/projects/fir-login-80f6c:testIamPermissions [none]
[debug] [2025-10-18T21:37:52.498Z] >>> [apiv2][(partial)header] POST https://cloudresourcemanager.googleapis.com/v1/projects/fir-login-80f6c:testIamPermissions x-goog-quota-user=projects/fir-login-80f6c
[debug] [2025-10-18T21:37:52.498Z] >>> [apiv2][body] POST https://cloudresourcemanager.googleapis.com/v1/projects/fir-login-80f6c:testIamPermissions {"permissions":["firebase.projects.get"]}
[debug] [2025-10-18T21:37:53.479Z] <<< [apiv2][status] POST https://cloudresourcemanager.googleapis.com/v1/projects/fir-login-80f6c:testIamPermissions 200
[debug] [2025-10-18T21:37:53.479Z] <<< [apiv2][body] POST https://cloudresourcemanager.googleapis.com/v1/projects/fir-login-80f6c:testIamPermissions {"permissions":["firebase.projects.get"]}
[info] 
Detected existing codebase(s): default

[debug] [2025-10-18T21:38:06.219Z] ExitPromptError: User force closed the prompt with SIGINT
    at Interface.sigint (C:\Users\esmio\AppData\Roaming\npm\node_modules\firebase-tools\node_modules\@inquirer\core\dist\commonjs\lib\create-prompt.js:101:37)
    at Interface.emit (node:events:519:28)
    at Interface.emit (node:domain:489:12)
    at [_ttyWrite] [as _ttyWrite] (node:internal/readline/interface:1132:18)
    at ReadStream.onkeypress (node:internal/readline/interface:271:20)
    at ReadStream.emit (node:events:531:35)
    at ReadStream.emit (node:domain:489:12)
    at emitKeys (node:internal/readline/utils:370:14)
    at emitKeys.next (<anonymous>)
    at ReadStream.onData (node:internal/readline/emitKeypressEvents:64:36)
[error] 
[error] Error: An unexpected error has occurred.
